<?xml version="1.0" encoding="UTF-8"?>
<!-- Generated by org.testng.reporters.JUnitReportReporter -->
<testsuite skipped="0" hostname="DESKTOP-LLU4750" name="day6_2.ExtentExample" tests="1" failures="0" timestamp="2021-09-16T17:51:52 IST" time="7.523" errors="0">
  <testcase name="f" time="7.523" classname="day6_2.ExtentExample"/>
  <system-out/>
</testsuite> <!-- day6_2.ExtentExample -->
