<?xml version="1.0" encoding="UTF-8"?>
<!-- Generated by org.testng.reporters.JUnitReportReporter -->
<testsuite skipped="0" hostname="DESKTOP-LLU4750" name="day6_2.HotelBookingFinal" tests="13" failures="0" timestamp="2021-10-05T15:08:36 IST" time="277.134" errors="0">
  <testcase name="test1" time="9.400" classname="day6_2.HotelBookingFinal"/>
  <system-out/>
  <testcase name="test2" time="5.798" classname="day6_2.HotelBookingFinal"/>
  <system-out/>
  <testcase name="test3" time="7.893" classname="day6_2.HotelBookingFinal"/>
  <system-out/>
  <testcase name="test4" time="14.030" classname="day6_2.HotelBookingFinal"/>
  <system-out/>
  <testcase name="test5" time="7.012" classname="day6_2.HotelBookingFinal"/>
  <system-out/>
  <testcase name="test6" time="13.289" classname="day6_2.HotelBookingFinal"/>
  <system-out/>
  <testcase name="test7" time="19.654" classname="day6_2.HotelBookingFinal"/>
  <system-out/>
  <testcase name="test8" time="23.553" classname="day6_2.HotelBookingFinal"/>
  <system-out/>
  <testcase name="test9" time="27.688" classname="day6_2.HotelBookingFinal"/>
  <system-out/>
  <testcase name="test10" time="32.369" classname="day6_2.HotelBookingFinal"/>
  <system-out/>
  <testcase name="test11" time="34.804" classname="day6_2.HotelBookingFinal"/>
  <system-out/>
  <testcase name="test12" time="41.154" classname="day6_2.HotelBookingFinal"/>
  <system-out/>
  <testcase name="test13" time="40.490" classname="day6_2.HotelBookingFinal"/>
  <system-out/>
</testsuite> <!-- day6_2.HotelBookingFinal -->
